2019-10-21T01:36:59.541Z - normal: Load ~/.CocosCreator/settings.json
2019-10-21T01:37:00.734Z - normal: Initializing Asset Database
2019-10-21T01:37:00.741Z - normal: checking language setting...
2019-10-21T01:37:00.742Z - normal: Language: en
2019-10-21T01:37:01.805Z - success: preview server running at http://localhost:7456
2019-10-21T01:37:01.809Z - success: protocol editor-framework registered
2019-10-21T01:37:01.809Z - success: protocol app registered
2019-10-21T01:37:01.809Z - success: protocol theme registered
2019-10-21T01:37:01.809Z - success: protocol packages registered
2019-10-21T01:37:01.809Z - success: protocol uuid registerred
2019-10-21T01:37:01.809Z - success: protocol db registerred
2019-10-21T01:37:01.809Z - success: protocol thumbnail registerred
2019-10-21T01:37:01.809Z - success: protocol unpack registerred
2019-10-21T01:37:01.809Z - success: protocol disable-commonjs registerred
2019-10-21T01:37:02.217Z - normal: connected!
2019-10-21T01:37:02.219Z - normal: Check project C:\Users\user\Documents\NewProject
2019-10-21T01:37:02.222Z - normal: Initializing project C:\Users\user\Documents\NewProject
2019-10-21T01:37:02.723Z - normal: Initializing Cocos2d
2019-10-21T01:37:04.966Z - normal: Initializing engine extends
2019-10-21T01:37:05.010Z - success: asset-db-debugger loaded
2019-10-21T01:37:05.019Z - success: baidu-adapter loaded
2019-10-21T01:37:05.033Z - success: code-editor loaded
2019-10-21T01:37:05.041Z - success: color-picker loaded
2019-10-21T01:37:05.190Z - success: fb-audience-network loaded
2019-10-21T01:37:05.271Z - success: fb-live-stream loaded
2019-10-21T01:37:05.292Z - success: google-play-instant loaded
2019-10-21T01:37:05.319Z - success: huawei-runtime loaded
2019-10-21T01:37:05.323Z - success: jsb-adapter loaded
2019-10-21T01:37:05.353Z - success: oppo-runtime loaded
2019-10-21T01:37:05.365Z - success: package-manager loaded
2019-10-21T01:37:05.595Z - success: qqplay-adapter loaded
2019-10-21T01:37:05.605Z - success: runtime-dev-tools loaded
2019-10-21T01:37:05.621Z - success: sdkbox loaded
2019-10-21T01:37:05.635Z - success: tester loaded
2019-10-21T01:37:05.644Z - success: ui-grid loaded
2019-10-21T01:37:05.654Z - success: ui-kit-preview-extra loaded
2019-10-21T01:37:05.663Z - success: ui-kit-preview loaded
2019-10-21T01:37:05.666Z - success: ui-kit loaded
2019-10-21T01:37:05.675Z - success: ui-tree loaded
2019-10-21T01:37:05.703Z - success: vivo-runtime loaded
2019-10-21T01:37:05.708Z - success: weapp-adapter loaded
2019-10-21T01:37:05.752Z - success: assets loaded
2019-10-21T01:37:05.755Z - success: builder loaded
2019-10-21T01:37:06.069Z - success: cocos-services loaded
2019-10-21T01:37:06.073Z - success: console loaded
2019-10-21T01:37:06.115Z - success: fb-instant-games loaded
2019-10-21T01:37:06.116Z - success: google-instant-games loaded
2019-10-21T01:37:06.121Z - success: hierarchy loaded
2019-10-21T01:37:06.124Z - success: inspector loaded
2019-10-21T01:37:06.125Z - success: keystore loaded
2019-10-21T01:37:06.130Z - success: node-library loaded
2019-10-21T01:37:06.132Z - success: package-asset loaded
2019-10-21T01:37:06.134Z - success: preferences loaded
2019-10-21T01:37:06.136Z - success: project-exporter loaded
2019-10-21T01:37:06.138Z - success: project-importer loaded
2019-10-21T01:37:06.140Z - success: project-settings loaded
2019-10-21T01:37:06.148Z - success: scene loaded
2019-10-21T01:37:06.153Z - success: simulator-debugger loaded
2019-10-21T01:37:06.154Z - success: sprite-editor loaded
2019-10-21T01:37:06.157Z - success: store loaded
2019-10-21T01:37:06.162Z - success: timeline loaded
2019-10-21T01:37:08.250Z - normal: Loading packages
2019-10-21T01:37:08.297Z - normal: Watching packages
2019-10-21T01:37:08.478Z - info: Cocos Services load base data!
2019-10-21T01:37:08.998Z - normal: Run Application
